Symlinking /home/alston/Automated-Object-Handling/devel/share/gennodejs/ros/moveit_tutorial/_index.js
Symlinking /home/alston/Automated-Object-Handling/devel/share/gennodejs/ros/moveit_tutorial/srv/_index.js
Symlinking /home/alston/Automated-Object-Handling/devel/share/gennodejs/ros/moveit_tutorial/srv/remove_collision.js
Symlinking /home/alston/Automated-Object-Handling/devel/share/gennodejs/ros/moveit_tutorial/srv/set_arm.js
Symlinking /home/alston/Automated-Object-Handling/devel/share/gennodejs/ros/moveit_tutorial/srv/set_gripper.js
Symlinking /home/alston/Automated-Object-Handling/devel/share/gennodejs/ros/moveit_tutorial/srv/pick.js
Symlinking /home/alston/Automated-Object-Handling/devel/share/gennodejs/ros/moveit_tutorial/srv/add_collision.js
Symlinking /home/alston/Automated-Object-Handling/devel/share/roseus/ros/moveit_tutorial/manifest.l
Symlinking /home/alston/Automated-Object-Handling/devel/share/roseus/ros/moveit_tutorial/srv/pick.l
Symlinking /home/alston/Automated-Object-Handling/devel/share/roseus/ros/moveit_tutorial/srv/set_gripper.l
Symlinking /home/alston/Automated-Object-Handling/devel/share/roseus/ros/moveit_tutorial/srv/remove_collision.l
Symlinking /home/alston/Automated-Object-Handling/devel/share/roseus/ros/moveit_tutorial/srv/set_arm.l
Symlinking /home/alston/Automated-Object-Handling/devel/share/roseus/ros/moveit_tutorial/srv/add_collision.l
Symlinking /home/alston/Automated-Object-Handling/devel/share/common-lisp/ros/moveit_tutorial/srv/_package_add_collision.lisp
Symlinking /home/alston/Automated-Object-Handling/devel/share/common-lisp/ros/moveit_tutorial/srv/_package_remove_collision.lisp
Symlinking /home/alston/Automated-Object-Handling/devel/share/common-lisp/ros/moveit_tutorial/srv/add_collision.lisp
Symlinking /home/alston/Automated-Object-Handling/devel/share/common-lisp/ros/moveit_tutorial/srv/remove_collision.lisp
Symlinking /home/alston/Automated-Object-Handling/devel/share/common-lisp/ros/moveit_tutorial/srv/moveit_tutorial-srv.asd
Symlinking /home/alston/Automated-Object-Handling/devel/share/common-lisp/ros/moveit_tutorial/srv/_package.lisp
Symlinking /home/alston/Automated-Object-Handling/devel/share/common-lisp/ros/moveit_tutorial/srv/set_gripper.lisp
Symlinking /home/alston/Automated-Object-Handling/devel/share/common-lisp/ros/moveit_tutorial/srv/_package_set_arm.lisp
Symlinking /home/alston/Automated-Object-Handling/devel/share/common-lisp/ros/moveit_tutorial/srv/_package_set_gripper.lisp
Symlinking /home/alston/Automated-Object-Handling/devel/share/common-lisp/ros/moveit_tutorial/srv/pick.lisp
Symlinking /home/alston/Automated-Object-Handling/devel/share/common-lisp/ros/moveit_tutorial/srv/set_arm.lisp
Symlinking /home/alston/Automated-Object-Handling/devel/share/common-lisp/ros/moveit_tutorial/srv/_package_pick.lisp
Symlinking /home/alston/Automated-Object-Handling/devel/share/moveit_tutorial/cmake/moveit_tutorial-msg-extras.cmake
Symlinking /home/alston/Automated-Object-Handling/devel/share/moveit_tutorial/cmake/moveit_tutorialConfig.cmake
Symlinking /home/alston/Automated-Object-Handling/devel/share/moveit_tutorial/cmake/moveit_tutorialConfig-version.cmake
Symlinking /home/alston/Automated-Object-Handling/devel/share/moveit_tutorial/cmake/moveit_tutorial-msg-paths.cmake
Symlinking /home/alston/Automated-Object-Handling/devel/lib/libmoveit_tutorial_SrvClass_lib.so
Symlinking /home/alston/Automated-Object-Handling/devel/lib/pkgconfig/moveit_tutorial.pc
Symlinking /home/alston/Automated-Object-Handling/devel/lib/python3/dist-packages/moveit_tutorial/__init__.py
Symlinking /home/alston/Automated-Object-Handling/devel/lib/python3/dist-packages/moveit_tutorial/srv/_add_collision.py
Symlinking /home/alston/Automated-Object-Handling/devel/lib/python3/dist-packages/moveit_tutorial/srv/__init__.py
Symlinking /home/alston/Automated-Object-Handling/devel/lib/python3/dist-packages/moveit_tutorial/srv/_pick.py
Symlinking /home/alston/Automated-Object-Handling/devel/lib/python3/dist-packages/moveit_tutorial/srv/_set_gripper.py
Symlinking /home/alston/Automated-Object-Handling/devel/lib/python3/dist-packages/moveit_tutorial/srv/_remove_collision.py
Symlinking /home/alston/Automated-Object-Handling/devel/lib/python3/dist-packages/moveit_tutorial/srv/_set_arm.py
Symlinking /home/alston/Automated-Object-Handling/devel/lib/moveit_tutorial/moveit_tutorial_node
Symlinking /home/alston/Automated-Object-Handling/devel/include/moveit_tutorial/add_collision.h
Symlinking /home/alston/Automated-Object-Handling/devel/include/moveit_tutorial/remove_collision.h
Symlinking /home/alston/Automated-Object-Handling/devel/include/moveit_tutorial/add_collisionRequest.h
Symlinking /home/alston/Automated-Object-Handling/devel/include/moveit_tutorial/remove_collisionResponse.h
Symlinking /home/alston/Automated-Object-Handling/devel/include/moveit_tutorial/set_gripper.h
Symlinking /home/alston/Automated-Object-Handling/devel/include/moveit_tutorial/set_armRequest.h
Symlinking /home/alston/Automated-Object-Handling/devel/include/moveit_tutorial/pick.h
Symlinking /home/alston/Automated-Object-Handling/devel/include/moveit_tutorial/set_arm.h
Symlinking /home/alston/Automated-Object-Handling/devel/include/moveit_tutorial/set_gripperRequest.h
Symlinking /home/alston/Automated-Object-Handling/devel/include/moveit_tutorial/set_armResponse.h
Symlinking /home/alston/Automated-Object-Handling/devel/include/moveit_tutorial/remove_collisionRequest.h
Symlinking /home/alston/Automated-Object-Handling/devel/include/moveit_tutorial/pickRequest.h
Symlinking /home/alston/Automated-Object-Handling/devel/include/moveit_tutorial/set_gripperResponse.h
Symlinking /home/alston/Automated-Object-Handling/devel/include/moveit_tutorial/pickResponse.h
Symlinking /home/alston/Automated-Object-Handling/devel/include/moveit_tutorial/add_collisionResponse.h
Cleaning: (/home/alston/comp0129_s24_labs/devel/.private/moveit_tutorial/cmake.lock, /home/alston/comp0129_s24_labs/devel/./cmake.lock)
Cleaning: (/home/alston/comp0129_s24_labs/devel/.private/moveit_tutorial/share/gennodejs/ros/moveit_tutorial/_index.js, /home/alston/comp0129_s24_labs/devel/share/gennodejs/ros/moveit_tutorial/_index.js)
Cleaning: (/home/alston/comp0129_s24_labs/devel/.private/moveit_tutorial/share/gennodejs/ros/moveit_tutorial/srv/_index.js, /home/alston/comp0129_s24_labs/devel/share/gennodejs/ros/moveit_tutorial/srv/_index.js)
Cleaning: (/home/alston/comp0129_s24_labs/devel/.private/moveit_tutorial/share/gennodejs/ros/moveit_tutorial/srv/remove_collision.js, /home/alston/comp0129_s24_labs/devel/share/gennodejs/ros/moveit_tutorial/srv/remove_collision.js)
Cleaning: (/home/alston/comp0129_s24_labs/devel/.private/moveit_tutorial/share/gennodejs/ros/moveit_tutorial/srv/set_arm.js, /home/alston/comp0129_s24_labs/devel/share/gennodejs/ros/moveit_tutorial/srv/set_arm.js)
Cleaning: (/home/alston/comp0129_s24_labs/devel/.private/moveit_tutorial/share/gennodejs/ros/moveit_tutorial/srv/set_gripper.js, /home/alston/comp0129_s24_labs/devel/share/gennodejs/ros/moveit_tutorial/srv/set_gripper.js)
Cleaning: (/home/alston/comp0129_s24_labs/devel/.private/moveit_tutorial/share/gennodejs/ros/moveit_tutorial/srv/pick.js, /home/alston/comp0129_s24_labs/devel/share/gennodejs/ros/moveit_tutorial/srv/pick.js)
Cleaning: (/home/alston/comp0129_s24_labs/devel/.private/moveit_tutorial/share/gennodejs/ros/moveit_tutorial/srv/add_collision.js, /home/alston/comp0129_s24_labs/devel/share/gennodejs/ros/moveit_tutorial/srv/add_collision.js)
Cleaning: (/home/alston/comp0129_s24_labs/devel/.private/moveit_tutorial/share/roseus/ros/moveit_tutorial/manifest.l, /home/alston/comp0129_s24_labs/devel/share/roseus/ros/moveit_tutorial/manifest.l)
Cleaning: (/home/alston/comp0129_s24_labs/devel/.private/moveit_tutorial/share/roseus/ros/moveit_tutorial/srv/pick.l, /home/alston/comp0129_s24_labs/devel/share/roseus/ros/moveit_tutorial/srv/pick.l)
Cleaning: (/home/alston/comp0129_s24_labs/devel/.private/moveit_tutorial/share/roseus/ros/moveit_tutorial/srv/set_gripper.l, /home/alston/comp0129_s24_labs/devel/share/roseus/ros/moveit_tutorial/srv/set_gripper.l)
Cleaning: (/home/alston/comp0129_s24_labs/devel/.private/moveit_tutorial/share/roseus/ros/moveit_tutorial/srv/remove_collision.l, /home/alston/comp0129_s24_labs/devel/share/roseus/ros/moveit_tutorial/srv/remove_collision.l)
Cleaning: (/home/alston/comp0129_s24_labs/devel/.private/moveit_tutorial/share/roseus/ros/moveit_tutorial/srv/set_arm.l, /home/alston/comp0129_s24_labs/devel/share/roseus/ros/moveit_tutorial/srv/set_arm.l)
Cleaning: (/home/alston/comp0129_s24_labs/devel/.private/moveit_tutorial/share/roseus/ros/moveit_tutorial/srv/add_collision.l, /home/alston/comp0129_s24_labs/devel/share/roseus/ros/moveit_tutorial/srv/add_collision.l)
Cleaning: (/home/alston/comp0129_s24_labs/devel/.private/moveit_tutorial/share/common-lisp/ros/moveit_tutorial/srv/_package_add_collision.lisp, /home/alston/comp0129_s24_labs/devel/share/common-lisp/ros/moveit_tutorial/srv/_package_add_collision.lisp)
Cleaning: (/home/alston/comp0129_s24_labs/devel/.private/moveit_tutorial/share/common-lisp/ros/moveit_tutorial/srv/_package_remove_collision.lisp, /home/alston/comp0129_s24_labs/devel/share/common-lisp/ros/moveit_tutorial/srv/_package_remove_collision.lisp)
Cleaning: (/home/alston/comp0129_s24_labs/devel/.private/moveit_tutorial/share/common-lisp/ros/moveit_tutorial/srv/add_collision.lisp, /home/alston/comp0129_s24_labs/devel/share/common-lisp/ros/moveit_tutorial/srv/add_collision.lisp)
Cleaning: (/home/alston/comp0129_s24_labs/devel/.private/moveit_tutorial/share/common-lisp/ros/moveit_tutorial/srv/remove_collision.lisp, /home/alston/comp0129_s24_labs/devel/share/common-lisp/ros/moveit_tutorial/srv/remove_collision.lisp)
Cleaning: (/home/alston/comp0129_s24_labs/devel/.private/moveit_tutorial/share/common-lisp/ros/moveit_tutorial/srv/moveit_tutorial-srv.asd, /home/alston/comp0129_s24_labs/devel/share/common-lisp/ros/moveit_tutorial/srv/moveit_tutorial-srv.asd)
Cleaning: (/home/alston/comp0129_s24_labs/devel/.private/moveit_tutorial/share/common-lisp/ros/moveit_tutorial/srv/_package.lisp, /home/alston/comp0129_s24_labs/devel/share/common-lisp/ros/moveit_tutorial/srv/_package.lisp)
Cleaning: (/home/alston/comp0129_s24_labs/devel/.private/moveit_tutorial/share/common-lisp/ros/moveit_tutorial/srv/set_gripper.lisp, /home/alston/comp0129_s24_labs/devel/share/common-lisp/ros/moveit_tutorial/srv/set_gripper.lisp)
Cleaning: (/home/alston/comp0129_s24_labs/devel/.private/moveit_tutorial/share/common-lisp/ros/moveit_tutorial/srv/_package_set_arm.lisp, /home/alston/comp0129_s24_labs/devel/share/common-lisp/ros/moveit_tutorial/srv/_package_set_arm.lisp)
Cleaning: (/home/alston/comp0129_s24_labs/devel/.private/moveit_tutorial/share/common-lisp/ros/moveit_tutorial/srv/_package_set_gripper.lisp, /home/alston/comp0129_s24_labs/devel/share/common-lisp/ros/moveit_tutorial/srv/_package_set_gripper.lisp)
Cleaning: (/home/alston/comp0129_s24_labs/devel/.private/moveit_tutorial/share/common-lisp/ros/moveit_tutorial/srv/pick.lisp, /home/alston/comp0129_s24_labs/devel/share/common-lisp/ros/moveit_tutorial/srv/pick.lisp)
Cleaning: (/home/alston/comp0129_s24_labs/devel/.private/moveit_tutorial/share/common-lisp/ros/moveit_tutorial/srv/set_arm.lisp, /home/alston/comp0129_s24_labs/devel/share/common-lisp/ros/moveit_tutorial/srv/set_arm.lisp)
Cleaning: (/home/alston/comp0129_s24_labs/devel/.private/moveit_tutorial/share/common-lisp/ros/moveit_tutorial/srv/_package_pick.lisp, /home/alston/comp0129_s24_labs/devel/share/common-lisp/ros/moveit_tutorial/srv/_package_pick.lisp)
Cleaning: (/home/alston/comp0129_s24_labs/devel/.private/moveit_tutorial/share/moveit_tutorial/cmake/moveit_tutorial-msg-extras.cmake, /home/alston/comp0129_s24_labs/devel/share/moveit_tutorial/cmake/moveit_tutorial-msg-extras.cmake)
Cleaning: (/home/alston/comp0129_s24_labs/devel/.private/moveit_tutorial/share/moveit_tutorial/cmake/moveit_tutorialConfig.cmake, /home/alston/comp0129_s24_labs/devel/share/moveit_tutorial/cmake/moveit_tutorialConfig.cmake)
Cleaning: (/home/alston/comp0129_s24_labs/devel/.private/moveit_tutorial/share/moveit_tutorial/cmake/moveit_tutorialConfig-version.cmake, /home/alston/comp0129_s24_labs/devel/share/moveit_tutorial/cmake/moveit_tutorialConfig-version.cmake)
Cleaning: (/home/alston/comp0129_s24_labs/devel/.private/moveit_tutorial/share/moveit_tutorial/cmake/moveit_tutorial-msg-paths.cmake, /home/alston/comp0129_s24_labs/devel/share/moveit_tutorial/cmake/moveit_tutorial-msg-paths.cmake)
Cleaning: (/home/alston/comp0129_s24_labs/devel/.private/moveit_tutorial/lib/libmoveit_tutorial_SrvClass_lib.so, /home/alston/comp0129_s24_labs/devel/lib/libmoveit_tutorial_SrvClass_lib.so)
Cleaning: (/home/alston/comp0129_s24_labs/devel/.private/moveit_tutorial/lib/pkgconfig/moveit_tutorial.pc, /home/alston/comp0129_s24_labs/devel/lib/pkgconfig/moveit_tutorial.pc)
Cleaning: (/home/alston/comp0129_s24_labs/devel/.private/moveit_tutorial/lib/python3/dist-packages/moveit_tutorial/__init__.py, /home/alston/comp0129_s24_labs/devel/lib/python3/dist-packages/moveit_tutorial/__init__.py)
Cleaning: (/home/alston/comp0129_s24_labs/devel/.private/moveit_tutorial/lib/python3/dist-packages/moveit_tutorial/srv/_add_collision.py, /home/alston/comp0129_s24_labs/devel/lib/python3/dist-packages/moveit_tutorial/srv/_add_collision.py)
Cleaning: (/home/alston/comp0129_s24_labs/devel/.private/moveit_tutorial/lib/python3/dist-packages/moveit_tutorial/srv/__init__.py, /home/alston/comp0129_s24_labs/devel/lib/python3/dist-packages/moveit_tutorial/srv/__init__.py)
Cleaning: (/home/alston/comp0129_s24_labs/devel/.private/moveit_tutorial/lib/python3/dist-packages/moveit_tutorial/srv/_pick.py, /home/alston/comp0129_s24_labs/devel/lib/python3/dist-packages/moveit_tutorial/srv/_pick.py)
Cleaning: (/home/alston/comp0129_s24_labs/devel/.private/moveit_tutorial/lib/python3/dist-packages/moveit_tutorial/srv/_set_gripper.py, /home/alston/comp0129_s24_labs/devel/lib/python3/dist-packages/moveit_tutorial/srv/_set_gripper.py)
Cleaning: (/home/alston/comp0129_s24_labs/devel/.private/moveit_tutorial/lib/python3/dist-packages/moveit_tutorial/srv/_remove_collision.py, /home/alston/comp0129_s24_labs/devel/lib/python3/dist-packages/moveit_tutorial/srv/_remove_collision.py)
Cleaning: (/home/alston/comp0129_s24_labs/devel/.private/moveit_tutorial/lib/python3/dist-packages/moveit_tutorial/srv/_set_arm.py, /home/alston/comp0129_s24_labs/devel/lib/python3/dist-packages/moveit_tutorial/srv/_set_arm.py)
Cleaning: (/home/alston/comp0129_s24_labs/devel/.private/moveit_tutorial/lib/moveit_tutorial/moveit_tutorial_node, /home/alston/comp0129_s24_labs/devel/lib/moveit_tutorial/moveit_tutorial_node)
Cleaning: (/home/alston/comp0129_s24_labs/devel/.private/moveit_tutorial/include/moveit_tutorial/add_collision.h, /home/alston/comp0129_s24_labs/devel/include/moveit_tutorial/add_collision.h)
Cleaning: (/home/alston/comp0129_s24_labs/devel/.private/moveit_tutorial/include/moveit_tutorial/remove_collision.h, /home/alston/comp0129_s24_labs/devel/include/moveit_tutorial/remove_collision.h)
Cleaning: (/home/alston/comp0129_s24_labs/devel/.private/moveit_tutorial/include/moveit_tutorial/add_collisionRequest.h, /home/alston/comp0129_s24_labs/devel/include/moveit_tutorial/add_collisionRequest.h)
Cleaning: (/home/alston/comp0129_s24_labs/devel/.private/moveit_tutorial/include/moveit_tutorial/remove_collisionResponse.h, /home/alston/comp0129_s24_labs/devel/include/moveit_tutorial/remove_collisionResponse.h)
Cleaning: (/home/alston/comp0129_s24_labs/devel/.private/moveit_tutorial/include/moveit_tutorial/set_gripper.h, /home/alston/comp0129_s24_labs/devel/include/moveit_tutorial/set_gripper.h)
Cleaning: (/home/alston/comp0129_s24_labs/devel/.private/moveit_tutorial/include/moveit_tutorial/set_armRequest.h, /home/alston/comp0129_s24_labs/devel/include/moveit_tutorial/set_armRequest.h)
Cleaning: (/home/alston/comp0129_s24_labs/devel/.private/moveit_tutorial/include/moveit_tutorial/pick.h, /home/alston/comp0129_s24_labs/devel/include/moveit_tutorial/pick.h)
Cleaning: (/home/alston/comp0129_s24_labs/devel/.private/moveit_tutorial/include/moveit_tutorial/set_arm.h, /home/alston/comp0129_s24_labs/devel/include/moveit_tutorial/set_arm.h)
Cleaning: (/home/alston/comp0129_s24_labs/devel/.private/moveit_tutorial/include/moveit_tutorial/set_gripperRequest.h, /home/alston/comp0129_s24_labs/devel/include/moveit_tutorial/set_gripperRequest.h)
Cleaning: (/home/alston/comp0129_s24_labs/devel/.private/moveit_tutorial/include/moveit_tutorial/set_armResponse.h, /home/alston/comp0129_s24_labs/devel/include/moveit_tutorial/set_armResponse.h)
Cleaning: (/home/alston/comp0129_s24_labs/devel/.private/moveit_tutorial/include/moveit_tutorial/remove_collisionRequest.h, /home/alston/comp0129_s24_labs/devel/include/moveit_tutorial/remove_collisionRequest.h)
Cleaning: (/home/alston/comp0129_s24_labs/devel/.private/moveit_tutorial/include/moveit_tutorial/pickRequest.h, /home/alston/comp0129_s24_labs/devel/include/moveit_tutorial/pickRequest.h)
Cleaning: (/home/alston/comp0129_s24_labs/devel/.private/moveit_tutorial/include/moveit_tutorial/set_gripperResponse.h, /home/alston/comp0129_s24_labs/devel/include/moveit_tutorial/set_gripperResponse.h)
Cleaning: (/home/alston/comp0129_s24_labs/devel/.private/moveit_tutorial/include/moveit_tutorial/pickResponse.h, /home/alston/comp0129_s24_labs/devel/include/moveit_tutorial/pickResponse.h)
Cleaning: (/home/alston/comp0129_s24_labs/devel/.private/moveit_tutorial/include/moveit_tutorial/add_collisionResponse.h, /home/alston/comp0129_s24_labs/devel/include/moveit_tutorial/add_collisionResponse.h)
Unlinking: /home/alston/comp0129_s24_labs/devel/share/gennodejs/ros/moveit_tutorial/_index.js
Unlinking: /home/alston/comp0129_s24_labs/devel/share/gennodejs/ros/moveit_tutorial/srv/_index.js
Unlinking: /home/alston/comp0129_s24_labs/devel/share/gennodejs/ros/moveit_tutorial/srv/remove_collision.js
Unlinking: /home/alston/comp0129_s24_labs/devel/share/gennodejs/ros/moveit_tutorial/srv/set_arm.js
Unlinking: /home/alston/comp0129_s24_labs/devel/share/gennodejs/ros/moveit_tutorial/srv/set_gripper.js
Unlinking: /home/alston/comp0129_s24_labs/devel/share/gennodejs/ros/moveit_tutorial/srv/pick.js
Unlinking: /home/alston/comp0129_s24_labs/devel/share/gennodejs/ros/moveit_tutorial/srv/add_collision.js
Unlinking: /home/alston/comp0129_s24_labs/devel/share/roseus/ros/moveit_tutorial/manifest.l
Unlinking: /home/alston/comp0129_s24_labs/devel/share/roseus/ros/moveit_tutorial/srv/pick.l
Unlinking: /home/alston/comp0129_s24_labs/devel/share/roseus/ros/moveit_tutorial/srv/set_gripper.l
Unlinking: /home/alston/comp0129_s24_labs/devel/share/roseus/ros/moveit_tutorial/srv/remove_collision.l
Unlinking: /home/alston/comp0129_s24_labs/devel/share/roseus/ros/moveit_tutorial/srv/set_arm.l
Unlinking: /home/alston/comp0129_s24_labs/devel/share/roseus/ros/moveit_tutorial/srv/add_collision.l
Unlinking: /home/alston/comp0129_s24_labs/devel/share/common-lisp/ros/moveit_tutorial/srv/_package_add_collision.lisp
Unlinking: /home/alston/comp0129_s24_labs/devel/share/common-lisp/ros/moveit_tutorial/srv/_package_remove_collision.lisp
Unlinking: /home/alston/comp0129_s24_labs/devel/share/common-lisp/ros/moveit_tutorial/srv/add_collision.lisp
Unlinking: /home/alston/comp0129_s24_labs/devel/share/common-lisp/ros/moveit_tutorial/srv/remove_collision.lisp
Unlinking: /home/alston/comp0129_s24_labs/devel/share/common-lisp/ros/moveit_tutorial/srv/moveit_tutorial-srv.asd
Unlinking: /home/alston/comp0129_s24_labs/devel/share/common-lisp/ros/moveit_tutorial/srv/_package.lisp
Unlinking: /home/alston/comp0129_s24_labs/devel/share/common-lisp/ros/moveit_tutorial/srv/set_gripper.lisp
Unlinking: /home/alston/comp0129_s24_labs/devel/share/common-lisp/ros/moveit_tutorial/srv/_package_set_arm.lisp
Unlinking: /home/alston/comp0129_s24_labs/devel/share/common-lisp/ros/moveit_tutorial/srv/_package_set_gripper.lisp
Unlinking: /home/alston/comp0129_s24_labs/devel/share/common-lisp/ros/moveit_tutorial/srv/pick.lisp
Unlinking: /home/alston/comp0129_s24_labs/devel/share/common-lisp/ros/moveit_tutorial/srv/set_arm.lisp
Unlinking: /home/alston/comp0129_s24_labs/devel/share/common-lisp/ros/moveit_tutorial/srv/_package_pick.lisp
Unlinking: /home/alston/comp0129_s24_labs/devel/share/moveit_tutorial/cmake/moveit_tutorial-msg-extras.cmake
Unlinking: /home/alston/comp0129_s24_labs/devel/share/moveit_tutorial/cmake/moveit_tutorialConfig.cmake
Unlinking: /home/alston/comp0129_s24_labs/devel/share/moveit_tutorial/cmake/moveit_tutorialConfig-version.cmake
Unlinking: /home/alston/comp0129_s24_labs/devel/share/moveit_tutorial/cmake/moveit_tutorial-msg-paths.cmake
Unlinking: /home/alston/comp0129_s24_labs/devel/lib/libmoveit_tutorial_SrvClass_lib.so
Unlinking: /home/alston/comp0129_s24_labs/devel/lib/pkgconfig/moveit_tutorial.pc
Unlinking: /home/alston/comp0129_s24_labs/devel/lib/python3/dist-packages/moveit_tutorial/__init__.py
Unlinking: /home/alston/comp0129_s24_labs/devel/lib/python3/dist-packages/moveit_tutorial/srv/_add_collision.py
Unlinking: /home/alston/comp0129_s24_labs/devel/lib/python3/dist-packages/moveit_tutorial/srv/__init__.py
Unlinking: /home/alston/comp0129_s24_labs/devel/lib/python3/dist-packages/moveit_tutorial/srv/_pick.py
Unlinking: /home/alston/comp0129_s24_labs/devel/lib/python3/dist-packages/moveit_tutorial/srv/_set_gripper.py
Unlinking: /home/alston/comp0129_s24_labs/devel/lib/python3/dist-packages/moveit_tutorial/srv/_remove_collision.py
Unlinking: /home/alston/comp0129_s24_labs/devel/lib/python3/dist-packages/moveit_tutorial/srv/_set_arm.py
Unlinking: /home/alston/comp0129_s24_labs/devel/lib/moveit_tutorial/moveit_tutorial_node
Unlinking: /home/alston/comp0129_s24_labs/devel/include/moveit_tutorial/add_collision.h
Unlinking: /home/alston/comp0129_s24_labs/devel/include/moveit_tutorial/remove_collision.h
Unlinking: /home/alston/comp0129_s24_labs/devel/include/moveit_tutorial/add_collisionRequest.h
Unlinking: /home/alston/comp0129_s24_labs/devel/include/moveit_tutorial/remove_collisionResponse.h
Unlinking: /home/alston/comp0129_s24_labs/devel/include/moveit_tutorial/set_gripper.h
Unlinking: /home/alston/comp0129_s24_labs/devel/include/moveit_tutorial/set_armRequest.h
Unlinking: /home/alston/comp0129_s24_labs/devel/include/moveit_tutorial/pick.h
Unlinking: /home/alston/comp0129_s24_labs/devel/include/moveit_tutorial/set_arm.h
Unlinking: /home/alston/comp0129_s24_labs/devel/include/moveit_tutorial/set_gripperRequest.h
Unlinking: /home/alston/comp0129_s24_labs/devel/include/moveit_tutorial/set_armResponse.h
Unlinking: /home/alston/comp0129_s24_labs/devel/include/moveit_tutorial/remove_collisionRequest.h
Unlinking: /home/alston/comp0129_s24_labs/devel/include/moveit_tutorial/pickRequest.h
Unlinking: /home/alston/comp0129_s24_labs/devel/include/moveit_tutorial/set_gripperResponse.h
Unlinking: /home/alston/comp0129_s24_labs/devel/include/moveit_tutorial/pickResponse.h
Unlinking: /home/alston/comp0129_s24_labs/devel/include/moveit_tutorial/add_collisionResponse.h
