Symlinking /home/alston/Automated-Object-Handling/devel/share/cw1_world_spawner/cmake/cw1_world_spawner-msg-extras.cmake
Symlinking /home/alston/Automated-Object-Handling/devel/share/cw1_world_spawner/cmake/cw1_world_spawnerConfig.cmake
Symlinking /home/alston/Automated-Object-Handling/devel/share/cw1_world_spawner/cmake/cw1_world_spawner-msg-paths.cmake
Symlinking /home/alston/Automated-Object-Handling/devel/share/cw1_world_spawner/cmake/cw1_world_spawnerConfig-version.cmake
Symlinking /home/alston/Automated-Object-Handling/devel/share/gennodejs/ros/cw1_world_spawner/_index.js
Symlinking /home/alston/Automated-Object-Handling/devel/share/gennodejs/ros/cw1_world_spawner/srv/_index.js
Symlinking /home/alston/Automated-Object-Handling/devel/share/gennodejs/ros/cw1_world_spawner/srv/Task3Service.js
Symlinking /home/alston/Automated-Object-Handling/devel/share/gennodejs/ros/cw1_world_spawner/srv/Task1Service.js
Symlinking /home/alston/Automated-Object-Handling/devel/share/gennodejs/ros/cw1_world_spawner/srv/Task2Service.js
Symlinking /home/alston/Automated-Object-Handling/devel/share/gennodejs/ros/cw1_world_spawner/srv/TaskSetup.js
Symlinking /home/alston/Automated-Object-Handling/devel/share/roseus/ros/cw1_world_spawner/manifest.l
Symlinking /home/alston/Automated-Object-Handling/devel/share/roseus/ros/cw1_world_spawner/srv/Task1Service.l
Symlinking /home/alston/Automated-Object-Handling/devel/share/roseus/ros/cw1_world_spawner/srv/Task2Service.l
Symlinking /home/alston/Automated-Object-Handling/devel/share/roseus/ros/cw1_world_spawner/srv/TaskSetup.l
Symlinking /home/alston/Automated-Object-Handling/devel/share/roseus/ros/cw1_world_spawner/srv/Task3Service.l
Symlinking /home/alston/Automated-Object-Handling/devel/share/common-lisp/ros/cw1_world_spawner/srv/_package_TaskSetup.lisp
Symlinking /home/alston/Automated-Object-Handling/devel/share/common-lisp/ros/cw1_world_spawner/srv/_package_Task3Service.lisp
Symlinking /home/alston/Automated-Object-Handling/devel/share/common-lisp/ros/cw1_world_spawner/srv/_package.lisp
Symlinking /home/alston/Automated-Object-Handling/devel/share/common-lisp/ros/cw1_world_spawner/srv/cw1_world_spawner-srv.asd
Symlinking /home/alston/Automated-Object-Handling/devel/share/common-lisp/ros/cw1_world_spawner/srv/TaskSetup.lisp
Symlinking /home/alston/Automated-Object-Handling/devel/share/common-lisp/ros/cw1_world_spawner/srv/Task2Service.lisp
Symlinking /home/alston/Automated-Object-Handling/devel/share/common-lisp/ros/cw1_world_spawner/srv/Task3Service.lisp
Symlinking /home/alston/Automated-Object-Handling/devel/share/common-lisp/ros/cw1_world_spawner/srv/_package_Task1Service.lisp
Symlinking /home/alston/Automated-Object-Handling/devel/share/common-lisp/ros/cw1_world_spawner/srv/_package_Task2Service.lisp
Symlinking /home/alston/Automated-Object-Handling/devel/share/common-lisp/ros/cw1_world_spawner/srv/Task1Service.lisp
Symlinking /home/alston/Automated-Object-Handling/devel/lib/pkgconfig/cw1_world_spawner.pc
Symlinking /home/alston/Automated-Object-Handling/devel/lib/python3/dist-packages/cw1_world_spawner/__init__.py
Symlinking /home/alston/Automated-Object-Handling/devel/lib/python3/dist-packages/cw1_world_spawner/srv/_Task3Service.py
Symlinking /home/alston/Automated-Object-Handling/devel/lib/python3/dist-packages/cw1_world_spawner/srv/_Task2Service.py
Symlinking /home/alston/Automated-Object-Handling/devel/lib/python3/dist-packages/cw1_world_spawner/srv/__init__.py
Symlinking /home/alston/Automated-Object-Handling/devel/lib/python3/dist-packages/cw1_world_spawner/srv/_Task1Service.py
Symlinking /home/alston/Automated-Object-Handling/devel/lib/python3/dist-packages/cw1_world_spawner/srv/_TaskSetup.py
Symlinking /home/alston/Automated-Object-Handling/devel/lib/python3/dist-packages/coursework_world_spawner_lib/__init__.py
Symlinking /home/alston/Automated-Object-Handling/devel/include/cw1_world_spawner/Task3ServiceRequest.h
Symlinking /home/alston/Automated-Object-Handling/devel/include/cw1_world_spawner/TaskSetupResponse.h
Symlinking /home/alston/Automated-Object-Handling/devel/include/cw1_world_spawner/Task2ServiceResponse.h
Symlinking /home/alston/Automated-Object-Handling/devel/include/cw1_world_spawner/Task2ServiceRequest.h
Symlinking /home/alston/Automated-Object-Handling/devel/include/cw1_world_spawner/Task3Service.h
Symlinking /home/alston/Automated-Object-Handling/devel/include/cw1_world_spawner/Task1Service.h
Symlinking /home/alston/Automated-Object-Handling/devel/include/cw1_world_spawner/Task1ServiceResponse.h
Symlinking /home/alston/Automated-Object-Handling/devel/include/cw1_world_spawner/TaskSetup.h
Symlinking /home/alston/Automated-Object-Handling/devel/include/cw1_world_spawner/Task2Service.h
Symlinking /home/alston/Automated-Object-Handling/devel/include/cw1_world_spawner/TaskSetupRequest.h
Symlinking /home/alston/Automated-Object-Handling/devel/include/cw1_world_spawner/Task3ServiceResponse.h
Symlinking /home/alston/Automated-Object-Handling/devel/include/cw1_world_spawner/Task1ServiceRequest.h
Cleaning: (/home/alston/comp0129_s24_labs/devel/.private/cw1_world_spawner/cmake.lock, /home/alston/comp0129_s24_labs/devel/./cmake.lock)
Cleaning: (/home/alston/comp0129_s24_labs/devel/.private/cw1_world_spawner/share/cw1_world_spawner/cmake/cw1_world_spawner-msg-extras.cmake, /home/alston/comp0129_s24_labs/devel/share/cw1_world_spawner/cmake/cw1_world_spawner-msg-extras.cmake)
Cleaning: (/home/alston/comp0129_s24_labs/devel/.private/cw1_world_spawner/share/cw1_world_spawner/cmake/cw1_world_spawnerConfig.cmake, /home/alston/comp0129_s24_labs/devel/share/cw1_world_spawner/cmake/cw1_world_spawnerConfig.cmake)
Cleaning: (/home/alston/comp0129_s24_labs/devel/.private/cw1_world_spawner/share/cw1_world_spawner/cmake/cw1_world_spawner-msg-paths.cmake, /home/alston/comp0129_s24_labs/devel/share/cw1_world_spawner/cmake/cw1_world_spawner-msg-paths.cmake)
Cleaning: (/home/alston/comp0129_s24_labs/devel/.private/cw1_world_spawner/share/cw1_world_spawner/cmake/cw1_world_spawnerConfig-version.cmake, /home/alston/comp0129_s24_labs/devel/share/cw1_world_spawner/cmake/cw1_world_spawnerConfig-version.cmake)
Cleaning: (/home/alston/comp0129_s24_labs/devel/.private/cw1_world_spawner/share/gennodejs/ros/cw1_world_spawner/_index.js, /home/alston/comp0129_s24_labs/devel/share/gennodejs/ros/cw1_world_spawner/_index.js)
Cleaning: (/home/alston/comp0129_s24_labs/devel/.private/cw1_world_spawner/share/gennodejs/ros/cw1_world_spawner/srv/_index.js, /home/alston/comp0129_s24_labs/devel/share/gennodejs/ros/cw1_world_spawner/srv/_index.js)
Cleaning: (/home/alston/comp0129_s24_labs/devel/.private/cw1_world_spawner/share/gennodejs/ros/cw1_world_spawner/srv/Task3Service.js, /home/alston/comp0129_s24_labs/devel/share/gennodejs/ros/cw1_world_spawner/srv/Task3Service.js)
Cleaning: (/home/alston/comp0129_s24_labs/devel/.private/cw1_world_spawner/share/gennodejs/ros/cw1_world_spawner/srv/Task1Service.js, /home/alston/comp0129_s24_labs/devel/share/gennodejs/ros/cw1_world_spawner/srv/Task1Service.js)
Cleaning: (/home/alston/comp0129_s24_labs/devel/.private/cw1_world_spawner/share/gennodejs/ros/cw1_world_spawner/srv/Task2Service.js, /home/alston/comp0129_s24_labs/devel/share/gennodejs/ros/cw1_world_spawner/srv/Task2Service.js)
Cleaning: (/home/alston/comp0129_s24_labs/devel/.private/cw1_world_spawner/share/gennodejs/ros/cw1_world_spawner/srv/TaskSetup.js, /home/alston/comp0129_s24_labs/devel/share/gennodejs/ros/cw1_world_spawner/srv/TaskSetup.js)
Cleaning: (/home/alston/comp0129_s24_labs/devel/.private/cw1_world_spawner/share/roseus/ros/cw1_world_spawner/manifest.l, /home/alston/comp0129_s24_labs/devel/share/roseus/ros/cw1_world_spawner/manifest.l)
Cleaning: (/home/alston/comp0129_s24_labs/devel/.private/cw1_world_spawner/share/roseus/ros/cw1_world_spawner/srv/Task1Service.l, /home/alston/comp0129_s24_labs/devel/share/roseus/ros/cw1_world_spawner/srv/Task1Service.l)
Cleaning: (/home/alston/comp0129_s24_labs/devel/.private/cw1_world_spawner/share/roseus/ros/cw1_world_spawner/srv/Task2Service.l, /home/alston/comp0129_s24_labs/devel/share/roseus/ros/cw1_world_spawner/srv/Task2Service.l)
Cleaning: (/home/alston/comp0129_s24_labs/devel/.private/cw1_world_spawner/share/roseus/ros/cw1_world_spawner/srv/TaskSetup.l, /home/alston/comp0129_s24_labs/devel/share/roseus/ros/cw1_world_spawner/srv/TaskSetup.l)
Cleaning: (/home/alston/comp0129_s24_labs/devel/.private/cw1_world_spawner/share/roseus/ros/cw1_world_spawner/srv/Task3Service.l, /home/alston/comp0129_s24_labs/devel/share/roseus/ros/cw1_world_spawner/srv/Task3Service.l)
Cleaning: (/home/alston/comp0129_s24_labs/devel/.private/cw1_world_spawner/share/common-lisp/ros/cw1_world_spawner/srv/_package_TaskSetup.lisp, /home/alston/comp0129_s24_labs/devel/share/common-lisp/ros/cw1_world_spawner/srv/_package_TaskSetup.lisp)
Cleaning: (/home/alston/comp0129_s24_labs/devel/.private/cw1_world_spawner/share/common-lisp/ros/cw1_world_spawner/srv/_package_Task3Service.lisp, /home/alston/comp0129_s24_labs/devel/share/common-lisp/ros/cw1_world_spawner/srv/_package_Task3Service.lisp)
Cleaning: (/home/alston/comp0129_s24_labs/devel/.private/cw1_world_spawner/share/common-lisp/ros/cw1_world_spawner/srv/_package.lisp, /home/alston/comp0129_s24_labs/devel/share/common-lisp/ros/cw1_world_spawner/srv/_package.lisp)
Cleaning: (/home/alston/comp0129_s24_labs/devel/.private/cw1_world_spawner/share/common-lisp/ros/cw1_world_spawner/srv/cw1_world_spawner-srv.asd, /home/alston/comp0129_s24_labs/devel/share/common-lisp/ros/cw1_world_spawner/srv/cw1_world_spawner-srv.asd)
Cleaning: (/home/alston/comp0129_s24_labs/devel/.private/cw1_world_spawner/share/common-lisp/ros/cw1_world_spawner/srv/TaskSetup.lisp, /home/alston/comp0129_s24_labs/devel/share/common-lisp/ros/cw1_world_spawner/srv/TaskSetup.lisp)
Cleaning: (/home/alston/comp0129_s24_labs/devel/.private/cw1_world_spawner/share/common-lisp/ros/cw1_world_spawner/srv/Task2Service.lisp, /home/alston/comp0129_s24_labs/devel/share/common-lisp/ros/cw1_world_spawner/srv/Task2Service.lisp)
Cleaning: (/home/alston/comp0129_s24_labs/devel/.private/cw1_world_spawner/share/common-lisp/ros/cw1_world_spawner/srv/Task3Service.lisp, /home/alston/comp0129_s24_labs/devel/share/common-lisp/ros/cw1_world_spawner/srv/Task3Service.lisp)
Cleaning: (/home/alston/comp0129_s24_labs/devel/.private/cw1_world_spawner/share/common-lisp/ros/cw1_world_spawner/srv/_package_Task1Service.lisp, /home/alston/comp0129_s24_labs/devel/share/common-lisp/ros/cw1_world_spawner/srv/_package_Task1Service.lisp)
Cleaning: (/home/alston/comp0129_s24_labs/devel/.private/cw1_world_spawner/share/common-lisp/ros/cw1_world_spawner/srv/_package_Task2Service.lisp, /home/alston/comp0129_s24_labs/devel/share/common-lisp/ros/cw1_world_spawner/srv/_package_Task2Service.lisp)
Cleaning: (/home/alston/comp0129_s24_labs/devel/.private/cw1_world_spawner/share/common-lisp/ros/cw1_world_spawner/srv/Task1Service.lisp, /home/alston/comp0129_s24_labs/devel/share/common-lisp/ros/cw1_world_spawner/srv/Task1Service.lisp)
Cleaning: (/home/alston/comp0129_s24_labs/devel/.private/cw1_world_spawner/lib/pkgconfig/cw1_world_spawner.pc, /home/alston/comp0129_s24_labs/devel/lib/pkgconfig/cw1_world_spawner.pc)
Cleaning: (/home/alston/comp0129_s24_labs/devel/.private/cw1_world_spawner/lib/python3/dist-packages/cw1_world_spawner/__init__.py, /home/alston/comp0129_s24_labs/devel/lib/python3/dist-packages/cw1_world_spawner/__init__.py)
Cleaning: (/home/alston/comp0129_s24_labs/devel/.private/cw1_world_spawner/lib/python3/dist-packages/cw1_world_spawner/srv/_Task3Service.py, /home/alston/comp0129_s24_labs/devel/lib/python3/dist-packages/cw1_world_spawner/srv/_Task3Service.py)
Cleaning: (/home/alston/comp0129_s24_labs/devel/.private/cw1_world_spawner/lib/python3/dist-packages/cw1_world_spawner/srv/_Task2Service.py, /home/alston/comp0129_s24_labs/devel/lib/python3/dist-packages/cw1_world_spawner/srv/_Task2Service.py)
Cleaning: (/home/alston/comp0129_s24_labs/devel/.private/cw1_world_spawner/lib/python3/dist-packages/cw1_world_spawner/srv/__init__.py, /home/alston/comp0129_s24_labs/devel/lib/python3/dist-packages/cw1_world_spawner/srv/__init__.py)
Cleaning: (/home/alston/comp0129_s24_labs/devel/.private/cw1_world_spawner/lib/python3/dist-packages/cw1_world_spawner/srv/_Task1Service.py, /home/alston/comp0129_s24_labs/devel/lib/python3/dist-packages/cw1_world_spawner/srv/_Task1Service.py)
Cleaning: (/home/alston/comp0129_s24_labs/devel/.private/cw1_world_spawner/lib/python3/dist-packages/cw1_world_spawner/srv/_TaskSetup.py, /home/alston/comp0129_s24_labs/devel/lib/python3/dist-packages/cw1_world_spawner/srv/_TaskSetup.py)
Cleaning: (/home/alston/comp0129_s24_labs/devel/.private/cw1_world_spawner/lib/python3/dist-packages/coursework_world_spawner_lib/__init__.py, /home/alston/comp0129_s24_labs/devel/lib/python3/dist-packages/coursework_world_spawner_lib/__init__.py)
Cleaning: (/home/alston/comp0129_s24_labs/devel/.private/cw1_world_spawner/include/cw1_world_spawner/Task3ServiceRequest.h, /home/alston/comp0129_s24_labs/devel/include/cw1_world_spawner/Task3ServiceRequest.h)
Cleaning: (/home/alston/comp0129_s24_labs/devel/.private/cw1_world_spawner/include/cw1_world_spawner/TaskSetupResponse.h, /home/alston/comp0129_s24_labs/devel/include/cw1_world_spawner/TaskSetupResponse.h)
Cleaning: (/home/alston/comp0129_s24_labs/devel/.private/cw1_world_spawner/include/cw1_world_spawner/Task2ServiceResponse.h, /home/alston/comp0129_s24_labs/devel/include/cw1_world_spawner/Task2ServiceResponse.h)
Cleaning: (/home/alston/comp0129_s24_labs/devel/.private/cw1_world_spawner/include/cw1_world_spawner/Task2ServiceRequest.h, /home/alston/comp0129_s24_labs/devel/include/cw1_world_spawner/Task2ServiceRequest.h)
Cleaning: (/home/alston/comp0129_s24_labs/devel/.private/cw1_world_spawner/include/cw1_world_spawner/Task3Service.h, /home/alston/comp0129_s24_labs/devel/include/cw1_world_spawner/Task3Service.h)
Cleaning: (/home/alston/comp0129_s24_labs/devel/.private/cw1_world_spawner/include/cw1_world_spawner/Task1Service.h, /home/alston/comp0129_s24_labs/devel/include/cw1_world_spawner/Task1Service.h)
Cleaning: (/home/alston/comp0129_s24_labs/devel/.private/cw1_world_spawner/include/cw1_world_spawner/Task1ServiceResponse.h, /home/alston/comp0129_s24_labs/devel/include/cw1_world_spawner/Task1ServiceResponse.h)
Cleaning: (/home/alston/comp0129_s24_labs/devel/.private/cw1_world_spawner/include/cw1_world_spawner/TaskSetup.h, /home/alston/comp0129_s24_labs/devel/include/cw1_world_spawner/TaskSetup.h)
Cleaning: (/home/alston/comp0129_s24_labs/devel/.private/cw1_world_spawner/include/cw1_world_spawner/Task2Service.h, /home/alston/comp0129_s24_labs/devel/include/cw1_world_spawner/Task2Service.h)
Cleaning: (/home/alston/comp0129_s24_labs/devel/.private/cw1_world_spawner/include/cw1_world_spawner/TaskSetupRequest.h, /home/alston/comp0129_s24_labs/devel/include/cw1_world_spawner/TaskSetupRequest.h)
Cleaning: (/home/alston/comp0129_s24_labs/devel/.private/cw1_world_spawner/include/cw1_world_spawner/Task3ServiceResponse.h, /home/alston/comp0129_s24_labs/devel/include/cw1_world_spawner/Task3ServiceResponse.h)
Cleaning: (/home/alston/comp0129_s24_labs/devel/.private/cw1_world_spawner/include/cw1_world_spawner/Task1ServiceRequest.h, /home/alston/comp0129_s24_labs/devel/include/cw1_world_spawner/Task1ServiceRequest.h)
Unlinking: /home/alston/comp0129_s24_labs/devel/share/cw1_world_spawner/cmake/cw1_world_spawner-msg-extras.cmake
Unlinking: /home/alston/comp0129_s24_labs/devel/share/cw1_world_spawner/cmake/cw1_world_spawnerConfig.cmake
Unlinking: /home/alston/comp0129_s24_labs/devel/share/cw1_world_spawner/cmake/cw1_world_spawner-msg-paths.cmake
Unlinking: /home/alston/comp0129_s24_labs/devel/share/cw1_world_spawner/cmake/cw1_world_spawnerConfig-version.cmake
Unlinking: /home/alston/comp0129_s24_labs/devel/share/gennodejs/ros/cw1_world_spawner/_index.js
Unlinking: /home/alston/comp0129_s24_labs/devel/share/gennodejs/ros/cw1_world_spawner/srv/_index.js
Unlinking: /home/alston/comp0129_s24_labs/devel/share/gennodejs/ros/cw1_world_spawner/srv/Task3Service.js
Unlinking: /home/alston/comp0129_s24_labs/devel/share/gennodejs/ros/cw1_world_spawner/srv/Task1Service.js
Unlinking: /home/alston/comp0129_s24_labs/devel/share/gennodejs/ros/cw1_world_spawner/srv/Task2Service.js
Unlinking: /home/alston/comp0129_s24_labs/devel/share/gennodejs/ros/cw1_world_spawner/srv/TaskSetup.js
Unlinking: /home/alston/comp0129_s24_labs/devel/share/roseus/ros/cw1_world_spawner/manifest.l
Unlinking: /home/alston/comp0129_s24_labs/devel/share/roseus/ros/cw1_world_spawner/srv/Task1Service.l
Unlinking: /home/alston/comp0129_s24_labs/devel/share/roseus/ros/cw1_world_spawner/srv/Task2Service.l
Unlinking: /home/alston/comp0129_s24_labs/devel/share/roseus/ros/cw1_world_spawner/srv/TaskSetup.l
Unlinking: /home/alston/comp0129_s24_labs/devel/share/roseus/ros/cw1_world_spawner/srv/Task3Service.l
Unlinking: /home/alston/comp0129_s24_labs/devel/share/common-lisp/ros/cw1_world_spawner/srv/_package_TaskSetup.lisp
Unlinking: /home/alston/comp0129_s24_labs/devel/share/common-lisp/ros/cw1_world_spawner/srv/_package_Task3Service.lisp
Unlinking: /home/alston/comp0129_s24_labs/devel/share/common-lisp/ros/cw1_world_spawner/srv/_package.lisp
Unlinking: /home/alston/comp0129_s24_labs/devel/share/common-lisp/ros/cw1_world_spawner/srv/cw1_world_spawner-srv.asd
Unlinking: /home/alston/comp0129_s24_labs/devel/share/common-lisp/ros/cw1_world_spawner/srv/TaskSetup.lisp
Unlinking: /home/alston/comp0129_s24_labs/devel/share/common-lisp/ros/cw1_world_spawner/srv/Task2Service.lisp
Unlinking: /home/alston/comp0129_s24_labs/devel/share/common-lisp/ros/cw1_world_spawner/srv/Task3Service.lisp
Unlinking: /home/alston/comp0129_s24_labs/devel/share/common-lisp/ros/cw1_world_spawner/srv/_package_Task1Service.lisp
Unlinking: /home/alston/comp0129_s24_labs/devel/share/common-lisp/ros/cw1_world_spawner/srv/_package_Task2Service.lisp
Unlinking: /home/alston/comp0129_s24_labs/devel/share/common-lisp/ros/cw1_world_spawner/srv/Task1Service.lisp
Unlinking: /home/alston/comp0129_s24_labs/devel/lib/pkgconfig/cw1_world_spawner.pc
Unlinking: /home/alston/comp0129_s24_labs/devel/lib/python3/dist-packages/cw1_world_spawner/__init__.py
Unlinking: /home/alston/comp0129_s24_labs/devel/lib/python3/dist-packages/cw1_world_spawner/srv/_Task3Service.py
Unlinking: /home/alston/comp0129_s24_labs/devel/lib/python3/dist-packages/cw1_world_spawner/srv/_Task2Service.py
Unlinking: /home/alston/comp0129_s24_labs/devel/lib/python3/dist-packages/cw1_world_spawner/srv/__init__.py
Unlinking: /home/alston/comp0129_s24_labs/devel/lib/python3/dist-packages/cw1_world_spawner/srv/_Task1Service.py
Unlinking: /home/alston/comp0129_s24_labs/devel/lib/python3/dist-packages/cw1_world_spawner/srv/_TaskSetup.py
Unlinking: /home/alston/comp0129_s24_labs/devel/lib/python3/dist-packages/coursework_world_spawner_lib/__init__.py
Unlinking: /home/alston/comp0129_s24_labs/devel/include/cw1_world_spawner/Task3ServiceRequest.h
Unlinking: /home/alston/comp0129_s24_labs/devel/include/cw1_world_spawner/TaskSetupResponse.h
Unlinking: /home/alston/comp0129_s24_labs/devel/include/cw1_world_spawner/Task2ServiceResponse.h
Unlinking: /home/alston/comp0129_s24_labs/devel/include/cw1_world_spawner/Task2ServiceRequest.h
Unlinking: /home/alston/comp0129_s24_labs/devel/include/cw1_world_spawner/Task3Service.h
Unlinking: /home/alston/comp0129_s24_labs/devel/include/cw1_world_spawner/Task1Service.h
Unlinking: /home/alston/comp0129_s24_labs/devel/include/cw1_world_spawner/Task1ServiceResponse.h
Unlinking: /home/alston/comp0129_s24_labs/devel/include/cw1_world_spawner/TaskSetup.h
Unlinking: /home/alston/comp0129_s24_labs/devel/include/cw1_world_spawner/Task2Service.h
Unlinking: /home/alston/comp0129_s24_labs/devel/include/cw1_world_spawner/TaskSetupRequest.h
Unlinking: /home/alston/comp0129_s24_labs/devel/include/cw1_world_spawner/Task3ServiceResponse.h
Unlinking: /home/alston/comp0129_s24_labs/devel/include/cw1_world_spawner/Task1ServiceRequest.h
