Symlinking /home/alston/Automated-Object-Handling/devel/share/gennodejs/ros/cw1_team_10/_index.js
Symlinking /home/alston/Automated-Object-Handling/devel/share/gennodejs/ros/cw1_team_10/srv/_index.js
Symlinking /home/alston/Automated-Object-Handling/devel/share/gennodejs/ros/cw1_team_10/srv/example.js
Symlinking /home/alston/Automated-Object-Handling/devel/share/roseus/ros/cw1_team_10/manifest.l
Symlinking /home/alston/Automated-Object-Handling/devel/share/roseus/ros/cw1_team_10/srv/example.l
Symlinking /home/alston/Automated-Object-Handling/devel/share/cw1_team_10/cmake/cw1_team_10-msg-extras.cmake
Symlinking /home/alston/Automated-Object-Handling/devel/share/cw1_team_10/cmake/cw1_team_10Config-version.cmake
Symlinking /home/alston/Automated-Object-Handling/devel/share/cw1_team_10/cmake/cw1_team_10Config.cmake
Symlinking /home/alston/Automated-Object-Handling/devel/share/cw1_team_10/cmake/cw1_team_10-msg-paths.cmake
Symlinking /home/alston/Automated-Object-Handling/devel/share/common-lisp/ros/cw1_team_10/srv/cw1_team_10-srv.asd
Symlinking /home/alston/Automated-Object-Handling/devel/share/common-lisp/ros/cw1_team_10/srv/_package.lisp
Symlinking /home/alston/Automated-Object-Handling/devel/share/common-lisp/ros/cw1_team_10/srv/example.lisp
Symlinking /home/alston/Automated-Object-Handling/devel/share/common-lisp/ros/cw1_team_10/srv/_package_example.lisp
Symlinking /home/alston/Automated-Object-Handling/devel/lib/libcw1_team_10_cw1_class_lib.so
Symlinking /home/alston/Automated-Object-Handling/devel/lib/pkgconfig/cw1_team_10.pc
Symlinking /home/alston/Automated-Object-Handling/devel/lib/python3/dist-packages/cw1_team_10/__init__.py
Symlinking /home/alston/Automated-Object-Handling/devel/lib/python3/dist-packages/cw1_team_10/srv/_example.py
Symlinking /home/alston/Automated-Object-Handling/devel/lib/python3/dist-packages/cw1_team_10/srv/__init__.py
Symlinking /home/alston/Automated-Object-Handling/devel/lib/cw1_team_10/cw1_solution_node
Symlinking /home/alston/Automated-Object-Handling/devel/include/cw1_team_10/exampleResponse.h
Symlinking /home/alston/Automated-Object-Handling/devel/include/cw1_team_10/exampleRequest.h
Symlinking /home/alston/Automated-Object-Handling/devel/include/cw1_team_10/example.h
Cleaning: (/home/alston/comp0129_s24_labs/devel/.private/cw1_team_10/cmake.lock, /home/alston/comp0129_s24_labs/devel/./cmake.lock)
Cleaning: (/home/alston/comp0129_s24_labs/devel/.private/cw1_team_10/share/gennodejs/ros/cw1_team_10/_index.js, /home/alston/comp0129_s24_labs/devel/share/gennodejs/ros/cw1_team_10/_index.js)
Cleaning: (/home/alston/comp0129_s24_labs/devel/.private/cw1_team_10/share/gennodejs/ros/cw1_team_10/srv/_index.js, /home/alston/comp0129_s24_labs/devel/share/gennodejs/ros/cw1_team_10/srv/_index.js)
Cleaning: (/home/alston/comp0129_s24_labs/devel/.private/cw1_team_10/share/gennodejs/ros/cw1_team_10/srv/example.js, /home/alston/comp0129_s24_labs/devel/share/gennodejs/ros/cw1_team_10/srv/example.js)
Cleaning: (/home/alston/comp0129_s24_labs/devel/.private/cw1_team_10/share/roseus/ros/cw1_team_10/manifest.l, /home/alston/comp0129_s24_labs/devel/share/roseus/ros/cw1_team_10/manifest.l)
Cleaning: (/home/alston/comp0129_s24_labs/devel/.private/cw1_team_10/share/roseus/ros/cw1_team_10/srv/example.l, /home/alston/comp0129_s24_labs/devel/share/roseus/ros/cw1_team_10/srv/example.l)
Cleaning: (/home/alston/comp0129_s24_labs/devel/.private/cw1_team_10/share/cw1_team_10/cmake/cw1_team_10-msg-extras.cmake, /home/alston/comp0129_s24_labs/devel/share/cw1_team_10/cmake/cw1_team_10-msg-extras.cmake)
Cleaning: (/home/alston/comp0129_s24_labs/devel/.private/cw1_team_10/share/cw1_team_10/cmake/cw1_team_10Config-version.cmake, /home/alston/comp0129_s24_labs/devel/share/cw1_team_10/cmake/cw1_team_10Config-version.cmake)
Cleaning: (/home/alston/comp0129_s24_labs/devel/.private/cw1_team_10/share/cw1_team_10/cmake/cw1_team_10Config.cmake, /home/alston/comp0129_s24_labs/devel/share/cw1_team_10/cmake/cw1_team_10Config.cmake)
Cleaning: (/home/alston/comp0129_s24_labs/devel/.private/cw1_team_10/share/cw1_team_10/cmake/cw1_team_10-msg-paths.cmake, /home/alston/comp0129_s24_labs/devel/share/cw1_team_10/cmake/cw1_team_10-msg-paths.cmake)
Cleaning: (/home/alston/comp0129_s24_labs/devel/.private/cw1_team_10/share/common-lisp/ros/cw1_team_10/srv/cw1_team_10-srv.asd, /home/alston/comp0129_s24_labs/devel/share/common-lisp/ros/cw1_team_10/srv/cw1_team_10-srv.asd)
Cleaning: (/home/alston/comp0129_s24_labs/devel/.private/cw1_team_10/share/common-lisp/ros/cw1_team_10/srv/_package.lisp, /home/alston/comp0129_s24_labs/devel/share/common-lisp/ros/cw1_team_10/srv/_package.lisp)
Cleaning: (/home/alston/comp0129_s24_labs/devel/.private/cw1_team_10/share/common-lisp/ros/cw1_team_10/srv/example.lisp, /home/alston/comp0129_s24_labs/devel/share/common-lisp/ros/cw1_team_10/srv/example.lisp)
Cleaning: (/home/alston/comp0129_s24_labs/devel/.private/cw1_team_10/share/common-lisp/ros/cw1_team_10/srv/_package_example.lisp, /home/alston/comp0129_s24_labs/devel/share/common-lisp/ros/cw1_team_10/srv/_package_example.lisp)
Cleaning: (/home/alston/comp0129_s24_labs/devel/.private/cw1_team_10/lib/libcw1_team_10_cw1_class_lib.so, /home/alston/comp0129_s24_labs/devel/lib/libcw1_team_10_cw1_class_lib.so)
Cleaning: (/home/alston/comp0129_s24_labs/devel/.private/cw1_team_10/lib/pkgconfig/cw1_team_10.pc, /home/alston/comp0129_s24_labs/devel/lib/pkgconfig/cw1_team_10.pc)
Cleaning: (/home/alston/comp0129_s24_labs/devel/.private/cw1_team_10/lib/python3/dist-packages/cw1_team_10/__init__.py, /home/alston/comp0129_s24_labs/devel/lib/python3/dist-packages/cw1_team_10/__init__.py)
Cleaning: (/home/alston/comp0129_s24_labs/devel/.private/cw1_team_10/lib/python3/dist-packages/cw1_team_10/srv/_example.py, /home/alston/comp0129_s24_labs/devel/lib/python3/dist-packages/cw1_team_10/srv/_example.py)
Cleaning: (/home/alston/comp0129_s24_labs/devel/.private/cw1_team_10/lib/python3/dist-packages/cw1_team_10/srv/__init__.py, /home/alston/comp0129_s24_labs/devel/lib/python3/dist-packages/cw1_team_10/srv/__init__.py)
Cleaning: (/home/alston/comp0129_s24_labs/devel/.private/cw1_team_10/lib/cw1_team_10/cw1_solution_node, /home/alston/comp0129_s24_labs/devel/lib/cw1_team_10/cw1_solution_node)
Cleaning: (/home/alston/comp0129_s24_labs/devel/.private/cw1_team_10/include/cw1_team_10/exampleResponse.h, /home/alston/comp0129_s24_labs/devel/include/cw1_team_10/exampleResponse.h)
Cleaning: (/home/alston/comp0129_s24_labs/devel/.private/cw1_team_10/include/cw1_team_10/exampleRequest.h, /home/alston/comp0129_s24_labs/devel/include/cw1_team_10/exampleRequest.h)
Cleaning: (/home/alston/comp0129_s24_labs/devel/.private/cw1_team_10/include/cw1_team_10/example.h, /home/alston/comp0129_s24_labs/devel/include/cw1_team_10/example.h)
Unlinking: /home/alston/comp0129_s24_labs/devel/share/gennodejs/ros/cw1_team_10/_index.js
Unlinking: /home/alston/comp0129_s24_labs/devel/share/gennodejs/ros/cw1_team_10/srv/_index.js
Unlinking: /home/alston/comp0129_s24_labs/devel/share/gennodejs/ros/cw1_team_10/srv/example.js
Unlinking: /home/alston/comp0129_s24_labs/devel/share/roseus/ros/cw1_team_10/manifest.l
Unlinking: /home/alston/comp0129_s24_labs/devel/share/roseus/ros/cw1_team_10/srv/example.l
Unlinking: /home/alston/comp0129_s24_labs/devel/share/cw1_team_10/cmake/cw1_team_10-msg-extras.cmake
Unlinking: /home/alston/comp0129_s24_labs/devel/share/cw1_team_10/cmake/cw1_team_10Config-version.cmake
Unlinking: /home/alston/comp0129_s24_labs/devel/share/cw1_team_10/cmake/cw1_team_10Config.cmake
Unlinking: /home/alston/comp0129_s24_labs/devel/share/cw1_team_10/cmake/cw1_team_10-msg-paths.cmake
Unlinking: /home/alston/comp0129_s24_labs/devel/share/common-lisp/ros/cw1_team_10/srv/cw1_team_10-srv.asd
Unlinking: /home/alston/comp0129_s24_labs/devel/share/common-lisp/ros/cw1_team_10/srv/_package.lisp
Unlinking: /home/alston/comp0129_s24_labs/devel/share/common-lisp/ros/cw1_team_10/srv/example.lisp
Unlinking: /home/alston/comp0129_s24_labs/devel/share/common-lisp/ros/cw1_team_10/srv/_package_example.lisp
Unlinking: /home/alston/comp0129_s24_labs/devel/lib/libcw1_team_10_cw1_class_lib.so
Unlinking: /home/alston/comp0129_s24_labs/devel/lib/pkgconfig/cw1_team_10.pc
Unlinking: /home/alston/comp0129_s24_labs/devel/lib/python3/dist-packages/cw1_team_10/__init__.py
Unlinking: /home/alston/comp0129_s24_labs/devel/lib/python3/dist-packages/cw1_team_10/srv/_example.py
Unlinking: /home/alston/comp0129_s24_labs/devel/lib/python3/dist-packages/cw1_team_10/srv/__init__.py
Unlinking: /home/alston/comp0129_s24_labs/devel/lib/cw1_team_10/cw1_solution_node
Unlinking: /home/alston/comp0129_s24_labs/devel/include/cw1_team_10/exampleResponse.h
Unlinking: /home/alston/comp0129_s24_labs/devel/include/cw1_team_10/exampleRequest.h
Unlinking: /home/alston/comp0129_s24_labs/devel/include/cw1_team_10/example.h
