[35m[1mScanning dependencies of target pcl_tutorial_lib[0m
[35m[1mScanning dependencies of target topic_tools_generate_messages_eus[0m
[35m[1mScanning dependencies of target topic_tools_generate_messages_lisp[0m
[  0%] Built target topic_tools_generate_messages_eus
[35m[1mScanning dependencies of target pcl_msgs_generate_messages_py[0m
[35m[1mScanning dependencies of target pcl_msgs_generate_messages_nodejs[0m
[35m[1mScanning dependencies of target moveit_msgs_generate_messages_cpp[0m
[35m[1mScanning dependencies of target pcl_msgs_generate_messages_lisp[0m
[  0%] Built target pcl_msgs_generate_messages_py
[  0%] Built target moveit_msgs_generate_messages_cpp
[  0%] Built target topic_tools_generate_messages_lisp
[  0%] Built target pcl_msgs_generate_messages_nodejs
[  0%] Built target pcl_msgs_generate_messages_lisp
[35m[1mScanning dependencies of target bond_generate_messages_py[0m
[35m[1mScanning dependencies of target bond_generate_messages_lisp[0m
[35m[1mScanning dependencies of target pcl_msgs_generate_messages_eus[0m
[35m[1mScanning dependencies of target bond_generate_messages_eus[0m
[35m[1mScanning dependencies of target pcl_msgs_generate_messages_cpp[0m
[  0%] Built target bond_generate_messages_py
[ 25%] [32mBuilding CXX object CMakeFiles/pcl_tutorial_lib.dir/src/pcl_tutorial.cpp.o[0m
[ 25%] Built target bond_generate_messages_lisp
[ 25%] Built target bond_generate_messages_eus
[ 25%] Built target pcl_msgs_generate_messages_cpp
[ 25%] Built target pcl_msgs_generate_messages_eus
[35m[1mScanning dependencies of target nodelet_generate_messages_nodejs[0m
[35m[1mScanning dependencies of target nodelet_generate_messages_eus[0m
[35m[1mScanning dependencies of target nodelet_generate_messages_cpp[0m
[35m[1mScanning dependencies of target pcl_ros_gencfg[0m
[ 25%] Built target nodelet_generate_messages_nodejs
[ 25%] Built target nodelet_generate_messages_eus
[ 25%] Built target nodelet_generate_messages_cpp
[35m[1mScanning dependencies of target nodelet_generate_messages_py[0m
[35m[1mScanning dependencies of target std_srvs_generate_messages_nodejs[0m
[ 25%] Built target pcl_ros_gencfg
[35m[1mScanning dependencies of target std_srvs_generate_messages_lisp[0m
[35m[1mScanning dependencies of target std_srvs_generate_messages_eus[0m
[ 25%] Built target nodelet_generate_messages_py
[ 25%] Built target std_srvs_generate_messages_nodejs
[35m[1mScanning dependencies of target tf_generate_messages_nodejs[0m
[ 25%] Built target std_srvs_generate_messages_lisp
[35m[1mScanning dependencies of target tf_generate_messages_lisp[0m
[ 25%] Built target std_srvs_generate_messages_eus
[35m[1mScanning dependencies of target tf_generate_messages_cpp[0m
[ 25%] Built target tf_generate_messages_nodejs
[35m[1mScanning dependencies of target bond_generate_messages_nodejs[0m
[ 25%] Built target tf_generate_messages_lisp
[35m[1mScanning dependencies of target octomap_msgs_generate_messages_py[0m
[ 25%] Built target tf_generate_messages_cpp
[35m[1mScanning dependencies of target tf2_msgs_generate_messages_lisp[0m
[ 25%] Built target bond_generate_messages_nodejs
[35m[1mScanning dependencies of target octomap_msgs_generate_messages_lisp[0m
[ 25%] Built target octomap_msgs_generate_messages_py
[35m[1mScanning dependencies of target octomap_msgs_generate_messages_nodejs[0m
[ 25%] Built target tf2_msgs_generate_messages_lisp
[ 25%] Built target octomap_msgs_generate_messages_lisp
[35m[1mScanning dependencies of target octomap_msgs_generate_messages_cpp[0m
[ 25%] Built target octomap_msgs_generate_messages_nodejs
[35m[1mScanning dependencies of target object_recognition_msgs_generate_messages_lisp[0m
[ 25%] Built target octomap_msgs_generate_messages_cpp
[35m[1mScanning dependencies of target object_recognition_msgs_generate_messages_nodejs[0m
[ 25%] Built target object_recognition_msgs_generate_messages_lisp
[35m[1mScanning dependencies of target object_recognition_msgs_generate_messages_eus[0m
[ 25%] Built target object_recognition_msgs_generate_messages_nodejs
[ 25%] Built target object_recognition_msgs_generate_messages_eus
[35m[1mScanning dependencies of target octomap_msgs_generate_messages_eus[0m
[35m[1mScanning dependencies of target object_recognition_msgs_generate_messages_cpp[0m
[35m[1mScanning dependencies of target trajectory_msgs_generate_messages_nodejs[0m
[ 25%] Built target octomap_msgs_generate_messages_eus
[35m[1mScanning dependencies of target trajectory_msgs_generate_messages_cpp[0m
[ 25%] Built target object_recognition_msgs_generate_messages_cpp
[ 25%] Built target trajectory_msgs_generate_messages_nodejs
[ 25%] Built target trajectory_msgs_generate_messages_cpp
[35m[1mScanning dependencies of target tf2_msgs_generate_messages_eus[0m
[35m[1mScanning dependencies of target sensor_msgs_generate_messages_py[0m
[35m[1mScanning dependencies of target sensor_msgs_generate_messages_nodejs[0m
[ 25%] Built target tf2_msgs_generate_messages_eus
[ 25%] Built target sensor_msgs_generate_messages_py
[35m[1mScanning dependencies of target actionlib_msgs_generate_messages_cpp[0m
[ 25%] Built target sensor_msgs_generate_messages_nodejs
[35m[1mScanning dependencies of target nodelet_generate_messages_lisp[0m
[ 25%] Built target actionlib_msgs_generate_messages_cpp
[35m[1mScanning dependencies of target std_msgs_generate_messages_nodejs[0m
[ 25%] Built target nodelet_generate_messages_lisp
[35m[1mScanning dependencies of target geometry_msgs_generate_messages_eus[0m
[35m[1mScanning dependencies of target std_msgs_generate_messages_py[0m
[35m[1mScanning dependencies of target std_msgs_generate_messages_cpp[0m
[ 25%] Built target std_msgs_generate_messages_nodejs
[ 25%] Built target geometry_msgs_generate_messages_eus
[ 25%] Built target std_msgs_generate_messages_cpp
[ 25%] Built target std_msgs_generate_messages_py
[35m[1mScanning dependencies of target object_recognition_msgs_generate_messages_py[0m
[ 25%] Built target object_recognition_msgs_generate_messages_py
[35m[1mScanning dependencies of target rosgraph_msgs_generate_messages_nodejs[0m
[ 25%] Built target rosgraph_msgs_generate_messages_nodejs
[35m[1mScanning dependencies of target actionlib_generate_messages_cpp[0m
[ 25%] Built target actionlib_generate_messages_cpp
[35m[1mScanning dependencies of target actionlib_msgs_generate_messages_py[0m
[ 25%] Built target actionlib_msgs_generate_messages_py
[35m[1mScanning dependencies of target actionlib_generate_messages_lisp[0m
[35m[1mScanning dependencies of target moveit_ros_manipulation_gencfg[0m
[35m[1mScanning dependencies of target roscpp_generate_messages_lisp[0m
[ 25%] Built target actionlib_generate_messages_lisp
[ 25%] Built target roscpp_generate_messages_lisp
[ 25%] Built target moveit_ros_manipulation_gencfg
[35m[1mScanning dependencies of target shape_msgs_generate_messages_cpp[0m
[35m[1mScanning dependencies of target std_msgs_generate_messages_lisp[0m
[ 25%] Built target std_msgs_generate_messages_lisp
[ 25%] Built target shape_msgs_generate_messages_cpp
[35m[1mScanning dependencies of target tf2_msgs_generate_messages_nodejs[0m
[35m[1mScanning dependencies of target moveit_msgs_generate_messages_lisp[0m
[35m[1mScanning dependencies of target std_srvs_generate_messages_cpp[0m
[ 25%] Built target tf2_msgs_generate_messages_nodejs
[ 25%] Built target moveit_msgs_generate_messages_lisp
[ 25%] Built target std_srvs_generate_messages_cpp
[35m[1mScanning dependencies of target tf_generate_messages_eus[0m
[35m[1mScanning dependencies of target rosgraph_msgs_generate_messages_lisp[0m
[35m[1mScanning dependencies of target dynamic_reconfigure_generate_messages_py[0m
[35m[1mScanning dependencies of target actionlib_msgs_generate_messages_eus[0m
[ 25%] Built target tf_generate_messages_eus
[ 25%] Built target rosgraph_msgs_generate_messages_lisp
[ 25%] Built target dynamic_reconfigure_generate_messages_py
[ 25%] Built target actionlib_msgs_generate_messages_eus
[35m[1mScanning dependencies of target trajectory_msgs_generate_messages_eus[0m
[35m[1mScanning dependencies of target roscpp_generate_messages_py[0m
[ 25%] Built target trajectory_msgs_generate_messages_eus
[35m[1mScanning dependencies of target rosgraph_msgs_generate_messages_py[0m
[35m[1mScanning dependencies of target shape_msgs_generate_messages_nodejs[0m
[ 25%] Built target roscpp_generate_messages_py
[ 25%] Built target shape_msgs_generate_messages_nodejs
[35m[1mScanning dependencies of target geometry_msgs_generate_messages_py[0m
[ 25%] Built target rosgraph_msgs_generate_messages_py
[35m[1mScanning dependencies of target moveit_msgs_generate_messages_eus[0m
[35m[1mScanning dependencies of target topic_tools_generate_messages_py[0m
[35m[1mScanning dependencies of target roscpp_generate_messages_cpp[0m
[ 25%] Built target geometry_msgs_generate_messages_py
[ 25%] Built target moveit_msgs_generate_messages_eus
[ 25%] Built target roscpp_generate_messages_cpp
[ 25%] Built target topic_tools_generate_messages_py
[35m[1mScanning dependencies of target nodelet_topic_tools_gencfg[0m
[35m[1mScanning dependencies of target sensor_msgs_generate_messages_lisp[0m
[35m[1mScanning dependencies of target visualization_msgs_generate_messages_cpp[0m
[35m[1mScanning dependencies of target sensor_msgs_generate_messages_eus[0m
[ 25%] Built target nodelet_topic_tools_gencfg
[35m[1mScanning dependencies of target roscpp_generate_messages_eus[0m
[ 25%] Built target sensor_msgs_generate_messages_lisp
[35m[1mScanning dependencies of target visualization_msgs_generate_messages_lisp[0m
[ 25%] Built target sensor_msgs_generate_messages_eus
[ 25%] Built target visualization_msgs_generate_messages_cpp
[ 25%] Built target roscpp_generate_messages_eus
[35m[1mScanning dependencies of target geometry_msgs_generate_messages_cpp[0m
[35m[1mScanning dependencies of target visualization_msgs_generate_messages_eus[0m
[ 25%] Built target visualization_msgs_generate_messages_lisp
[ 25%] Built target geometry_msgs_generate_messages_cpp
[35m[1mScanning dependencies of target geometry_msgs_generate_messages_lisp[0m
[35m[1mScanning dependencies of target moveit_msgs_generate_messages_py[0m
[ 25%] Built target visualization_msgs_generate_messages_eus
[ 25%] Built target geometry_msgs_generate_messages_lisp
[35m[1mScanning dependencies of target roscpp_generate_messages_nodejs[0m
[35m[1mScanning dependencies of target trajectory_msgs_generate_messages_py[0m
[ 25%] Built target moveit_msgs_generate_messages_py
[ 25%] Built target roscpp_generate_messages_nodejs
[35m[1mScanning dependencies of target actionlib_generate_messages_eus[0m
[ 25%] Built target trajectory_msgs_generate_messages_py
[35m[1mScanning dependencies of target rosgraph_msgs_generate_messages_cpp[0m
[35m[1mScanning dependencies of target std_srvs_generate_messages_py[0m
[ 25%] Built target actionlib_generate_messages_eus
[35m[1mScanning dependencies of target moveit_ros_planning_gencfg[0m
[ 25%] Built target std_srvs_generate_messages_py
[35m[1mScanning dependencies of target rosgraph_msgs_generate_messages_eus[0m
[ 25%] Built target rosgraph_msgs_generate_messages_cpp
[ 25%] Built target moveit_ros_planning_gencfg
[ 25%] Built target rosgraph_msgs_generate_messages_eus
[35m[1mScanning dependencies of target actionlib_generate_messages_py[0m
[35m[1mScanning dependencies of target actionlib_generate_messages_nodejs[0m
[ 25%] Built target actionlib_generate_messages_py
[35m[1mScanning dependencies of target tf_generate_messages_py[0m
[35m[1mScanning dependencies of target std_msgs_generate_messages_eus[0m
[ 25%] Built target actionlib_generate_messages_nodejs
[35m[1mScanning dependencies of target actionlib_msgs_generate_messages_lisp[0m
[ 25%] Built target std_msgs_generate_messages_eus
[ 25%] Built target tf_generate_messages_py
[35m[1mScanning dependencies of target trajectory_msgs_generate_messages_lisp[0m
[ 25%] Built target actionlib_msgs_generate_messages_lisp
[35m[1mScanning dependencies of target shape_msgs_generate_messages_lisp[0m
[ 25%] Built target trajectory_msgs_generate_messages_lisp
[ 25%] Built target shape_msgs_generate_messages_lisp
[35m[1mScanning dependencies of target actionlib_msgs_generate_messages_nodejs[0m
[ 25%] Built target actionlib_msgs_generate_messages_nodejs
[35m[1mScanning dependencies of target geometry_msgs_generate_messages_nodejs[0m
[35m[1mScanning dependencies of target dynamic_reconfigure_generate_messages_cpp[0m
[ 25%] Built target geometry_msgs_generate_messages_nodejs
[35m[1mScanning dependencies of target dynamic_reconfigure_generate_messages_eus[0m
[35m[1mScanning dependencies of target dynamic_reconfigure_gencfg[0m
[ 25%] Built target dynamic_reconfigure_generate_messages_cpp
[35m[1mScanning dependencies of target tf2_msgs_generate_messages_cpp[0m
[ 25%] Built target dynamic_reconfigure_gencfg
[ 25%] Built target dynamic_reconfigure_generate_messages_eus
[ 25%] Built target tf2_msgs_generate_messages_cpp
[35m[1mScanning dependencies of target dynamic_reconfigure_generate_messages_lisp[0m
[35m[1mScanning dependencies of target topic_tools_generate_messages_nodejs[0m
[ 25%] Built target dynamic_reconfigure_generate_messages_lisp
[35m[1mScanning dependencies of target moveit_msgs_generate_messages_nodejs[0m
[ 25%] Built target topic_tools_generate_messages_nodejs
[ 25%] Built target moveit_msgs_generate_messages_nodejs
[35m[1mScanning dependencies of target bond_generate_messages_cpp[0m
[35m[1mScanning dependencies of target tf2_msgs_generate_messages_py[0m
[ 25%] Built target bond_generate_messages_cpp
[ 25%] Built target tf2_msgs_generate_messages_py
[35m[1mScanning dependencies of target dynamic_reconfigure_generate_messages_nodejs[0m
[35m[1mScanning dependencies of target sensor_msgs_generate_messages_cpp[0m
[ 25%] Built target dynamic_reconfigure_generate_messages_nodejs
[35m[1mScanning dependencies of target shape_msgs_generate_messages_eus[0m
[35m[1mScanning dependencies of target shape_msgs_generate_messages_py[0m
[ 25%] Built target sensor_msgs_generate_messages_cpp
[ 25%] Built target shape_msgs_generate_messages_eus
[35m[1mScanning dependencies of target visualization_msgs_generate_messages_nodejs[0m
[ 25%] Built target shape_msgs_generate_messages_py
[ 25%] Built target visualization_msgs_generate_messages_nodejs
[35m[1mScanning dependencies of target topic_tools_generate_messages_cpp[0m
[35m[1mScanning dependencies of target visualization_msgs_generate_messages_py[0m
[ 25%] Built target topic_tools_generate_messages_cpp
[ 25%] Built target visualization_msgs_generate_messages_py
[ 50%] [32m[1mLinking CXX shared library /home/alston/Automated-Object-Handling/devel/.private/pcl_tutorial/lib/libpcl_tutorial_lib.so[0m
[ 50%] Built target pcl_tutorial_lib
[35m[1mScanning dependencies of target pcl_tutorial_node[0m
[ 75%] [32mBuilding CXX object CMakeFiles/pcl_tutorial_node.dir/src/pcl_tutorial_node.cpp.o[0m
[100%] [32m[1mLinking CXX executable /home/alston/Automated-Object-Handling/devel/.private/pcl_tutorial/lib/pcl_tutorial/pcl_tutorial_node[0m
[100%] Built target pcl_tutorial_node
